<?xml version="1.0" encoding="UTF-8"?>
<coverage generated="1779286823271" clover="3.2.0">
  <project timestamp="1779286823271" name="All files">
    <metrics statements="213" coveredstatements="213" conditionals="108" coveredconditionals="104" methods="27" coveredmethods="27" elements="348" coveredelements="344" complexity="0" loc="213" ncloc="213" packages="4" files="7" classes="7"/>
    <package name="analyzers">
      <metrics statements="54" coveredstatements="54" conditionals="25" coveredconditionals="25" methods="5" coveredmethods="5"/>
      <file name="centerExpansion.js" path="C:\test\mtpo-lab1\palindrome_app\src\analyzers\centerExpansion.js">
        <metrics statements="15" coveredstatements="15" conditionals="7" coveredconditionals="7" methods="2" coveredmethods="2"/>
        <line num="1" count="3" type="stmt"/>
        <line num="5" count="3996" type="stmt"/>
        <line num="10" count="3750" type="stmt"/>
        <line num="11" count="3750" type="stmt"/>
        <line num="15" count="3996" type="stmt"/>
        <line num="23" count="260" type="stmt"/>
        <line num="25" count="259" type="stmt"/>
        <line num="28" count="259" type="stmt"/>
        <line num="29" count="1322" type="stmt"/>
        <line num="31" count="1322" type="stmt"/>
        <line num="33" count="1322" type="cond" truecount="2" falsecount="0"/>
        <line num="35" count="1322" type="cond" truecount="2" falsecount="0"/>
        <line num="36" count="461" type="stmt"/>
        <line num="43" count="259" type="stmt"/>
        <line num="46" count="3" type="stmt"/>
      </file>
      <file name="manacherEven.js" path="C:\test\mtpo-lab1\palindrome_app\src\analyzers\manacherEven.js">
        <metrics statements="19" coveredstatements="19" conditionals="7" coveredconditionals="7" methods="1" coveredmethods="1"/>
        <line num="1" count="3" type="stmt"/>
        <line num="4" count="391" type="stmt"/>
        <line num="6" count="390" type="stmt"/>
        <line num="8" count="390" type="stmt"/>
        <line num="9" count="390" type="stmt"/>
        <line num="10" count="390" type="stmt"/>
        <line num="12" count="390" type="stmt"/>
        <line num="13" count="2218" type="stmt"/>
        <line num="16" count="2218" type="cond" truecount="2" falsecount="0"/>
        <line num="17" count="306" type="stmt"/>
        <line num="18" count="306" type="stmt"/>
        <line num="23" count="2218" type="stmt"/>
        <line num="28" count="1069" type="stmt"/>
        <line num="32" count="2218" type="stmt"/>
        <line num="35" count="2218" type="cond" truecount="2" falsecount="0"/>
        <line num="36" count="1309" type="stmt"/>
        <line num="37" count="1309" type="stmt"/>
        <line num="42" count="390" type="stmt"/>
        <line num="45" count="3" type="stmt"/>
      </file>
      <file name="manacherOdd.js" path="C:\test\mtpo-lab1\palindrome_app\src\analyzers\manacherOdd.js">
        <metrics statements="20" coveredstatements="20" conditionals="11" coveredconditionals="11" methods="2" coveredmethods="2"/>
        <line num="2" count="1044" type="cond" truecount="4" falsecount="0"/>
        <line num="3" count="5" type="stmt"/>
        <line num="8" count="392" type="stmt"/>
        <line num="10" count="390" type="stmt"/>
        <line num="12" count="390" type="stmt"/>
        <line num="13" count="390" type="stmt"/>
        <line num="14" count="390" type="stmt"/>
        <line num="16" count="390" type="stmt"/>
        <line num="17" count="2225" type="stmt"/>
        <line num="20" count="2225" type="cond" truecount="2" falsecount="0"/>
        <line num="21" count="819" type="stmt"/>
        <line num="22" count="819" type="stmt"/>
        <line num="27" count="2225" type="stmt"/>
        <line num="32" count="819" type="stmt"/>
        <line num="36" count="2225" type="stmt"/>
        <line num="39" count="2225" type="cond" truecount="2" falsecount="0"/>
        <line num="40" count="1623" type="stmt"/>
        <line num="41" count="1623" type="stmt"/>
        <line num="46" count="390" type="stmt"/>
        <line num="49" count="5" type="stmt"/>
      </file>
    </package>
    <package name="io">
      <metrics statements="32" coveredstatements="32" conditionals="13" coveredconditionals="12" methods="7" coveredmethods="7"/>
      <file name="jsonReader.js" path="C:\test\mtpo-lab1\palindrome_app\src\io\jsonReader.js">
        <metrics statements="27" coveredstatements="27" conditionals="12" coveredconditionals="12" methods="3" coveredmethods="3"/>
        <line num="1" count="2" type="stmt"/>
        <line num="3" count="2" type="stmt"/>
        <line num="6" count="3" type="stmt"/>
        <line num="9" count="3" type="cond" truecount="2" falsecount="0"/>
        <line num="10" count="1" type="stmt"/>
        <line num="14" count="2" type="cond" truecount="2" falsecount="0"/>
        <line num="18" count="7" type="stmt"/>
        <line num="20" count="7" type="cond" truecount="2" falsecount="0"/>
        <line num="21" count="1" type="stmt"/>
        <line num="24" count="6" type="stmt"/>
        <line num="27" count="6" type="cond" truecount="4" falsecount="0"/>
        <line num="28" count="1" type="stmt"/>
        <line num="31" count="5" type="stmt"/>
        <line num="35" count="6" type="stmt"/>
        <line num="36" count="6" type="stmt"/>
        <line num="38" count="1" type="stmt"/>
        <line num="42" count="5" type="stmt"/>
        <line num="44" count="5" type="stmt"/>
        <line num="46" count="5" type="stmt"/>
        <line num="47" count="5" type="stmt"/>
        <line num="48" count="5" type="stmt"/>
        <line num="50" count="4" type="cond" truecount="2" falsecount="0"/>
        <line num="51" count="3" type="stmt"/>
        <line num="52" count="3" type="stmt"/>
        <line num="55" count="1" type="stmt"/>
        <line num="58" count="1" type="stmt"/>
        <line num="61" count="2" type="stmt"/>
      </file>
      <file name="resultWriter.js" path="C:\test\mtpo-lab1\palindrome_app\src\io\resultWriter.js">
        <metrics statements="5" coveredstatements="5" conditionals="1" coveredconditionals="0" methods="4" coveredmethods="4"/>
        <line num="1" count="2" type="stmt"/>
        <line num="4" count="2" type="stmt"/>
        <line num="16" count="7" type="stmt"/>
        <line num="20" count="1" type="stmt"/>
        <line num="23" count="2" type="stmt"/>
      </file>
    </package>
    <package name="services">
      <metrics statements="53" coveredstatements="53" conditionals="31" coveredconditionals="31" methods="8" coveredmethods="8"/>
      <file name="palindromeService.js" path="C:\test\mtpo-lab1\palindrome_app\src\services\palindromeService.js">
        <metrics statements="53" coveredstatements="53" conditionals="31" coveredconditionals="31" methods="8" coveredmethods="8"/>
        <line num="1" count="2" type="stmt"/>
        <line num="2" count="2" type="stmt"/>
        <line num="3" count="2" type="stmt"/>
        <line num="6" count="2690" type="stmt"/>
        <line num="10" count="269" type="cond" truecount="2" falsecount="0"/>
        <line num="11" count="67" type="stmt"/>
        <line num="14" count="202" type="cond" truecount="2" falsecount="0"/>
        <line num="15" count="175" type="stmt"/>
        <line num="18" count="27" type="cond" truecount="2" falsecount="0"/>
        <line num="19" count="10" type="stmt"/>
        <line num="22" count="17" type="stmt"/>
        <line num="26" count="265" type="stmt"/>
        <line num="29" count="265" type="stmt"/>
        <line num="30" count="1346" type="stmt"/>
        <line num="31" count="1346" type="cond" truecount="2" falsecount="0"/>
        <line num="32" count="236" type="stmt"/>
        <line num="33" count="236" type="stmt"/>
        <line num="34" count="236" type="stmt"/>
        <line num="37" count="1346" type="stmt"/>
        <line num="38" count="1346" type="cond" truecount="2" falsecount="0"/>
        <line num="39" count="175" type="stmt"/>
        <line num="40" count="175" type="stmt"/>
        <line num="41" count="175" type="stmt"/>
        <line num="45" count="265" type="stmt"/>
        <line num="49" count="264" type="stmt"/>
        <line num="51" count="264" type="stmt"/>
        <line num="63" count="133" type="stmt"/>
        <line num="64" count="133" type="stmt"/>
        <line num="66" count="133" type="stmt"/>
        <line num="67" count="675" type="stmt"/>
        <line num="68" count="675" type="stmt"/>
        <line num="70" count="675" type="stmt"/>
        <line num="71" count="675" type="stmt"/>
        <line num="74" count="133" type="stmt"/>
        <line num="78" count="132" type="cond" truecount="2" falsecount="0"/>
        <line num="79" count="132" type="cond" truecount="2" falsecount="0"/>
        <line num="80" count="132" type="stmt"/>
        <line num="81" count="132" type="stmt"/>
        <line num="82" count="132" type="stmt"/>
        <line num="84" count="132" type="cond" truecount="2" falsecount="0"/>
        <line num="88" count="2" type="stmt"/>
        <line num="91" count="130" type="stmt"/>
        <line num="95" count="133" type="cond" truecount="2" falsecount="0"/>
        <line num="96" count="133" type="cond" truecount="2" falsecount="0"/>
        <line num="97" count="133" type="cond" truecount="2" falsecount="0"/>
        <line num="98" count="133" type="stmt"/>
        <line num="99" count="132" type="stmt"/>
        <line num="100" count="132" type="stmt"/>
        <line num="101" count="132" type="stmt"/>
        <line num="103" count="132" type="cond" truecount="2" falsecount="0"/>
        <line num="108" count="3" type="stmt"/>
        <line num="111" count="129" type="stmt"/>
        <line num="120" count="2" type="stmt"/>
      </file>
    </package>
    <package name="ui">
      <metrics statements="74" coveredstatements="74" conditionals="39" coveredconditionals="36" methods="7" coveredmethods="7"/>
      <file name="consoleUi.js" path="C:\test\mtpo-lab1\palindrome_app\src\ui\consoleUi.js">
        <metrics statements="74" coveredstatements="74" conditionals="39" coveredconditionals="36" methods="7" coveredmethods="7"/>
        <line num="1" count="1" type="stmt"/>
        <line num="2" count="1" type="stmt"/>
        <line num="3" count="1" type="stmt"/>
        <line num="4" count="1" type="stmt"/>
        <line num="5" count="1" type="stmt"/>
        <line num="9" count="12" type="stmt"/>
        <line num="15" count="12" type="cond" truecount="2" falsecount="0"/>
        <line num="16" count="12" type="cond" truecount="2" falsecount="0"/>
        <line num="17" count="12" type="cond" truecount="2" falsecount="0"/>
        <line num="18" count="12" type="cond" truecount="2" falsecount="0"/>
        <line num="19" count="12" type="cond" truecount="2" falsecount="0"/>
        <line num="20" count="12" type="cond" truecount="1" falsecount="1"/>
        <line num="21" count="12" type="stmt"/>
        <line num="22" count="12" type="stmt"/>
        <line num="26" count="3" type="stmt"/>
        <line num="27" count="6" type="stmt"/>
        <line num="28" count="6" type="stmt"/>
        <line num="30" count="6" type="cond" truecount="2" falsecount="0"/>
        <line num="31" count="3" type="stmt"/>
        <line num="32" count="3" type="stmt"/>
        <line num="35" count="3" type="stmt"/>
        <line num="36" count="3" type="stmt"/>
        <line num="38" count="1" type="stmt"/>
        <line num="44" count="9" type="cond" truecount="2" falsecount="0"/>
        <line num="45" count="1" type="stmt"/>
        <line num="46" count="1" type="stmt"/>
        <line num="47" count="1" type="stmt"/>
        <line num="50" count="8" type="cond" truecount="2" falsecount="0"/>
        <line num="51" count="2" type="stmt"/>
        <line num="52" count="2" type="stmt"/>
        <line num="53" count="1" type="stmt"/>
        <line num="54" count="1" type="stmt"/>
        <line num="57" count="6" type="cond" truecount="2" falsecount="0"/>
        <line num="58" count="1" type="stmt"/>
        <line num="59" count="1" type="stmt"/>
        <line num="60" count="1" type="stmt"/>
        <line num="61" count="1" type="stmt"/>
        <line num="64" count="5" type="cond" truecount="2" falsecount="0"/>
        <line num="65" count="1" type="stmt"/>
        <line num="66" count="1" type="stmt"/>
        <line num="67" count="1" type="stmt"/>
        <line num="68" count="1" type="stmt"/>
        <line num="71" count="4" type="cond" truecount="2" falsecount="0"/>
        <line num="72" count="1" type="stmt"/>
        <line num="73" count="1" type="stmt"/>
        <line num="74" count="1" type="stmt"/>
        <line num="77" count="3" type="cond" truecount="2" falsecount="0"/>
        <line num="78" count="1" type="stmt"/>
        <line num="79" count="1" type="stmt"/>
        <line num="80" count="1" type="stmt"/>
        <line num="81" count="1" type="stmt"/>
        <line num="82" count="1" type="stmt"/>
        <line num="85" count="2" type="cond" truecount="2" falsecount="0"/>
        <line num="86" count="1" type="stmt"/>
        <line num="87" count="1" type="stmt"/>
        <line num="90" count="1" type="stmt"/>
        <line num="94" count="7" type="stmt"/>
        <line num="95" count="7" type="stmt"/>
        <line num="100" count="7" type="stmt"/>
        <line num="101" count="7" type="stmt"/>
        <line num="102" count="7" type="stmt"/>
        <line num="103" count="7" type="stmt"/>
        <line num="104" count="7" type="stmt"/>
        <line num="105" count="7" type="stmt"/>
        <line num="106" count="7" type="stmt"/>
        <line num="107" count="7" type="stmt"/>
        <line num="111" count="2" type="stmt"/>
        <line num="112" count="2" type="stmt"/>
        <line num="115" count="2" type="stmt"/>
        <line num="121" count="3" type="cond" truecount="4" falsecount="0"/>
        <line num="122" count="1" type="stmt"/>
        <line num="127" count="3" type="cond" truecount="2" falsecount="0"/>
        <line num="128" count="1" type="stmt"/>
        <line num="133" count="1" type="stmt"/>
      </file>
    </package>
  </project>
</coverage>
