{"C:\\test\\mtpo-lab1\\palindrome_app\\src\\analyzers\\centerExpansion.js": {"path":"C:\\test\\mtpo-lab1\\palindrome_app\\src\\analyzers\\centerExpansion.js","statementMap":{"0":{"start":{"line":1,"column":26},"end":{"line":1,"column":50}},"1":{"start":{"line":5,"column":2},"end":{"line":12,"column":3}},"2":{"start":{"line":10,"column":4},"end":{"line":10,"column":14}},"3":{"start":{"line":11,"column":4},"end":{"line":11,"column":15}},"4":{"start":{"line":15,"column":2},"end":{"line":19,"column":4}},"5":{"start":{"line":23,"column":2},"end":{"line":23,"column":23}},"6":{"start":{"line":25,"column":13},"end":{"line":25,"column":61}},"7":{"start":{"line":28,"column":2},"end":{"line":41,"column":3}},"8":{"start":{"line":28,"column":15},"end":{"line":28,"column":16}},"9":{"start":{"line":29,"column":16},"end":{"line":29,"column":47}},"10":{"start":{"line":31,"column":17},"end":{"line":31,"column":52}},"11":{"start":{"line":33,"column":22},"end":{"line":33,"column":60}},"12":{"start":{"line":35,"column":4},"end":{"line":40,"column":5}},"13":{"start":{"line":36,"column":6},"end":{"line":39,"column":8}},"14":{"start":{"line":43,"column":2},"end":{"line":43,"column":14}},"15":{"start":{"line":46,"column":0},"end":{"line":46,"column":57}}},"fnMap":{"0":{"name":"expandAroundCenter","decl":{"start":{"line":3,"column":9},"end":{"line":3,"column":27}},"loc":{"start":{"line":3,"column":48},"end":{"line":20,"column":1}},"line":3},"1":{"name":"centerExpansion","decl":{"start":{"line":22,"column":9},"end":{"line":22,"column":24}},"loc":{"start":{"line":22,"column":32},"end":{"line":44,"column":1}},"line":22}},"branchMap":{"0":{"loc":{"start":{"line":6,"column":4},"end":{"line":8,"column":32}},"type":"binary-expr","locations":[{"start":{"line":6,"column":4},"end":{"line":6,"column":13}},{"start":{"line":7,"column":4},"end":{"line":7,"column":24}},{"start":{"line":8,"column":4},"end":{"line":8,"column":32}}],"line":6},"1":{"loc":{"start":{"line":33,"column":22},"end":{"line":33,"column":60}},"type":"cond-expr","locations":[{"start":{"line":33,"column":50},"end":{"line":33,"column":53}},{"start":{"line":33,"column":56},"end":{"line":33,"column":60}}],"line":33},"2":{"loc":{"start":{"line":35,"column":4},"end":{"line":40,"column":5}},"type":"if","locations":[{"start":{"line":35,"column":4},"end":{"line":40,"column":5}},{"start":{},"end":{}}],"line":35}},"s":{"0":3,"1":3996,"2":3750,"3":3750,"4":3996,"5":260,"6":259,"7":259,"8":259,"9":1322,"10":1322,"11":1322,"12":1322,"13":461,"14":259,"15":3},"f":{"0":3996,"1":260},"b":{"0":[7746,6659,5543],"1":[945,377],"2":[461,861]},"_coverageSchema":"1a1c01bbd47fc00a2c39e90264f33305004495a9","hash":"bc88307181e7a5050be244862404cdcbc7add9fe"}
,"C:\\test\\mtpo-lab1\\palindrome_app\\src\\analyzers\\manacherEven.js": {"path":"C:\\test\\mtpo-lab1\\palindrome_app\\src\\analyzers\\manacherEven.js","statementMap":{"0":{"start":{"line":1,"column":26},"end":{"line":1,"column":50}},"1":{"start":{"line":4,"column":2},"end":{"line":4,"column":23}},"2":{"start":{"line":6,"column":12},"end":{"line":6,"column":24}},"3":{"start":{"line":8,"column":15},"end":{"line":8,"column":35}},"4":{"start":{"line":9,"column":13},"end":{"line":9,"column":14}},"5":{"start":{"line":10,"column":14},"end":{"line":10,"column":16}},"6":{"start":{"line":12,"column":2},"end":{"line":40,"column":3}},"7":{"start":{"line":12,"column":15},"end":{"line":12,"column":16}},"8":{"start":{"line":13,"column":17},"end":{"line":13,"column":18}},"9":{"start":{"line":16,"column":4},"end":{"line":19,"column":5}},"10":{"start":{"line":17,"column":21},"end":{"line":17,"column":41}},"11":{"start":{"line":18,"column":6},"end":{"line":18,"column":53}},"12":{"start":{"line":23,"column":4},"end":{"line":29,"column":5}},"13":{"start":{"line":28,"column":6},"end":{"line":28,"column":18}},"14":{"start":{"line":32,"column":4},"end":{"line":32,"column":21}},"15":{"start":{"line":35,"column":4},"end":{"line":38,"column":5}},"16":{"start":{"line":36,"column":6},"end":{"line":36,"column":24}},"17":{"start":{"line":37,"column":6},"end":{"line":37,"column":29}},"18":{"start":{"line":42,"column":2},"end":{"line":42,"column":14}},"19":{"start":{"line":45,"column":0},"end":{"line":45,"column":34}}},"fnMap":{"0":{"name":"manacherEven","decl":{"start":{"line":3,"column":9},"end":{"line":3,"column":21}},"loc":{"start":{"line":3,"column":29},"end":{"line":43,"column":1}},"line":3}},"branchMap":{"0":{"loc":{"start":{"line":16,"column":4},"end":{"line":19,"column":5}},"type":"if","locations":[{"start":{"line":16,"column":4},"end":{"line":19,"column":5}},{"start":{},"end":{}}],"line":16},"1":{"loc":{"start":{"line":24,"column":6},"end":{"line":26,"column":49}},"type":"binary-expr","locations":[{"start":{"line":24,"column":6},"end":{"line":24,"column":25}},{"start":{"line":25,"column":6},"end":{"line":25,"column":20}},{"start":{"line":26,"column":6},"end":{"line":26,"column":49}}],"line":24},"2":{"loc":{"start":{"line":35,"column":4},"end":{"line":38,"column":5}},"type":"if","locations":[{"start":{"line":35,"column":4},"end":{"line":38,"column":5}},{"start":{},"end":{}}],"line":35}},"s":{"0":3,"1":391,"2":390,"3":390,"4":390,"5":390,"6":390,"7":390,"8":2218,"9":2218,"10":306,"11":306,"12":2218,"13":1069,"14":2218,"15":2218,"16":1309,"17":1309,"18":390,"19":3},"f":{"0":391},"b":{"0":[306,1912],"1":[3287,2583,2303],"2":[1309,909]},"_coverageSchema":"1a1c01bbd47fc00a2c39e90264f33305004495a9","hash":"2e31c24faeb2d0e39fa323ecc614beb52adbf4ab"}
,"C:\\test\\mtpo-lab1\\palindrome_app\\src\\analyzers\\manacherOdd.js": {"path":"C:\\test\\mtpo-lab1\\palindrome_app\\src\\analyzers\\manacherOdd.js","statementMap":{"0":{"start":{"line":2,"column":2},"end":{"line":4,"column":3}},"1":{"start":{"line":3,"column":4},"end":{"line":3,"column":59}},"2":{"start":{"line":8,"column":2},"end":{"line":8,"column":23}},"3":{"start":{"line":10,"column":12},"end":{"line":10,"column":24}},"4":{"start":{"line":12,"column":14},"end":{"line":12,"column":34}},"5":{"start":{"line":13,"column":13},"end":{"line":13,"column":14}},"6":{"start":{"line":14,"column":14},"end":{"line":14,"column":16}},"7":{"start":{"line":16,"column":2},"end":{"line":44,"column":3}},"8":{"start":{"line":16,"column":15},"end":{"line":16,"column":16}},"9":{"start":{"line":17,"column":17},"end":{"line":17,"column":18}},"10":{"start":{"line":20,"column":4},"end":{"line":23,"column":5}},"11":{"start":{"line":21,"column":21},"end":{"line":21,"column":37}},"12":{"start":{"line":22,"column":6},"end":{"line":22,"column":52}},"13":{"start":{"line":27,"column":4},"end":{"line":33,"column":5}},"14":{"start":{"line":32,"column":6},"end":{"line":32,"column":18}},"15":{"start":{"line":36,"column":4},"end":{"line":36,"column":20}},"16":{"start":{"line":39,"column":4},"end":{"line":42,"column":5}},"17":{"start":{"line":40,"column":6},"end":{"line":40,"column":28}},"18":{"start":{"line":41,"column":6},"end":{"line":41,"column":29}},"19":{"start":{"line":46,"column":2},"end":{"line":46,"column":13}},"20":{"start":{"line":49,"column":0},"end":{"line":49,"column":48}}},"fnMap":{"0":{"name":"validateInput","decl":{"start":{"line":1,"column":9},"end":{"line":1,"column":22}},"loc":{"start":{"line":1,"column":30},"end":{"line":5,"column":1}},"line":1},"1":{"name":"manacherOdd","decl":{"start":{"line":7,"column":9},"end":{"line":7,"column":20}},"loc":{"start":{"line":7,"column":28},"end":{"line":47,"column":1}},"line":7}},"branchMap":{"0":{"loc":{"start":{"line":2,"column":2},"end":{"line":4,"column":3}},"type":"if","locations":[{"start":{"line":2,"column":2},"end":{"line":4,"column":3}},{"start":{},"end":{}}],"line":2},"1":{"loc":{"start":{"line":2,"column":6},"end":{"line":2,"column":53}},"type":"binary-expr","locations":[{"start":{"line":2,"column":6},"end":{"line":2,"column":31}},{"start":{"line":2,"column":35},"end":{"line":2,"column":53}}],"line":2},"2":{"loc":{"start":{"line":20,"column":4},"end":{"line":23,"column":5}},"type":"if","locations":[{"start":{"line":20,"column":4},"end":{"line":23,"column":5}},{"start":{},"end":{}}],"line":20},"3":{"loc":{"start":{"line":28,"column":6},"end":{"line":30,"column":45}},"type":"binary-expr","locations":[{"start":{"line":28,"column":6},"end":{"line":28,"column":21}},{"start":{"line":29,"column":6},"end":{"line":29,"column":20}},{"start":{"line":30,"column":6},"end":{"line":30,"column":45}}],"line":28},"4":{"loc":{"start":{"line":39,"column":4},"end":{"line":42,"column":5}},"type":"if","locations":[{"start":{"line":39,"column":4},"end":{"line":42,"column":5}},{"start":{},"end":{}}],"line":39}},"s":{"0":1044,"1":5,"2":392,"3":390,"4":390,"5":390,"6":390,"7":390,"8":390,"9":2225,"10":2225,"11":819,"12":819,"13":2225,"14":819,"15":2225,"16":2225,"17":1623,"18":1623,"19":390,"20":5},"f":{"0":1044,"1":392},"b":{"0":[5,1039],"1":[1044,1043],"2":[819,1406],"3":[3044,2368,1740],"4":[1623,602]},"_coverageSchema":"1a1c01bbd47fc00a2c39e90264f33305004495a9","hash":"85d069ed80176867d2bec3e379711ab1d4b5a1e4"}
,"C:\\test\\mtpo-lab1\\palindrome_app\\src\\io\\jsonReader.js": {"path":"C:\\test\\mtpo-lab1\\palindrome_app\\src\\io\\jsonReader.js","statementMap":{"0":{"start":{"line":1,"column":11},"end":{"line":1,"column":24}},"1":{"start":{"line":3,"column":28},"end":{"line":3,"column":64}},"2":{"start":{"line":6,"column":19},"end":{"line":6,"column":44}},"3":{"start":{"line":9,"column":2},"end":{"line":11,"column":3}},"4":{"start":{"line":10,"column":4},"end":{"line":10,"column":34}},"5":{"start":{"line":14,"column":2},"end":{"line":14,"column":61}},"6":{"start":{"line":18,"column":16},"end":{"line":18,"column":49}},"7":{"start":{"line":20,"column":2},"end":{"line":22,"column":3}},"8":{"start":{"line":21,"column":4},"end":{"line":21,"column":16}},"9":{"start":{"line":24,"column":16},"end":{"line":24,"column":43}},"10":{"start":{"line":27,"column":2},"end":{"line":29,"column":3}},"11":{"start":{"line":28,"column":4},"end":{"line":28,"column":65}},"12":{"start":{"line":31,"column":2},"end":{"line":31,"column":15}},"13":{"start":{"line":35,"column":2},"end":{"line":39,"column":3}},"14":{"start":{"line":36,"column":4},"end":{"line":36,"column":54}},"15":{"start":{"line":38,"column":4},"end":{"line":38,"column":38}},"16":{"start":{"line":42,"column":15},"end":{"line":42,"column":17}},"17":{"start":{"line":44,"column":17},"end":{"line":44,"column":64}},"18":{"start":{"line":46,"column":2},"end":{"line":56,"column":3}},"19":{"start":{"line":47,"column":4},"end":{"line":47,"column":20}},"20":{"start":{"line":48,"column":18},"end":{"line":48,"column":38}},"21":{"start":{"line":50,"column":4},"end":{"line":53,"column":5}},"22":{"start":{"line":51,"column":6},"end":{"line":51,"column":23}},"23":{"start":{"line":52,"column":6},"end":{"line":52,"column":19}},"24":{"start":{"line":55,"column":4},"end":{"line":55,"column":32}},"25":{"start":{"line":58,"column":2},"end":{"line":58,"column":63}},"26":{"start":{"line":61,"column":0},"end":{"line":61,"column":65}}},"fnMap":{"0":{"name":"trimBuffer","decl":{"start":{"line":5,"column":9},"end":{"line":5,"column":19}},"loc":{"start":{"line":5,"column":28},"end":{"line":15,"column":1}},"line":5},"1":{"name":"extractInput","decl":{"start":{"line":17,"column":9},"end":{"line":17,"column":21}},"loc":{"start":{"line":17,"column":30},"end":{"line":32,"column":1}},"line":17},"2":{"name":"loadInputFromJson","decl":{"start":{"line":34,"column":15},"end":{"line":34,"column":32}},"loc":{"start":{"line":34,"column":39},"end":{"line":59,"column":1}},"line":34}},"branchMap":{"0":{"loc":{"start":{"line":9,"column":2},"end":{"line":11,"column":3}},"type":"if","locations":[{"start":{"line":9,"column":2},"end":{"line":11,"column":3}},{"start":{},"end":{}}],"line":9},"1":{"loc":{"start":{"line":14,"column":9},"end":{"line":14,"column":60}},"type":"cond-expr","locations":[{"start":{"line":14,"column":32},"end":{"line":14,"column":51}},{"start":{"line":14,"column":54},"end":{"line":14,"column":60}}],"line":14},"2":{"loc":{"start":{"line":20,"column":2},"end":{"line":22,"column":3}},"type":"if","locations":[{"start":{"line":20,"column":2},"end":{"line":22,"column":3}},{"start":{},"end":{}}],"line":20},"3":{"loc":{"start":{"line":27,"column":2},"end":{"line":29,"column":3}},"type":"if","locations":[{"start":{"line":27,"column":2},"end":{"line":29,"column":3}},{"start":{},"end":{}}],"line":27},"4":{"loc":{"start":{"line":27,"column":6},"end":{"line":27,"column":53}},"type":"binary-expr","locations":[{"start":{"line":27,"column":6},"end":{"line":27,"column":31}},{"start":{"line":27,"column":35},"end":{"line":27,"column":53}}],"line":27},"5":{"loc":{"start":{"line":50,"column":4},"end":{"line":53,"column":5}},"type":"if","locations":[{"start":{"line":50,"column":4},"end":{"line":53,"column":5}},{"start":{},"end":{}}],"line":50}},"s":{"0":2,"1":2,"2":3,"3":3,"4":1,"5":2,"6":7,"7":7,"8":1,"9":6,"10":6,"11":1,"12":5,"13":6,"14":6,"15":1,"16":5,"17":5,"18":5,"19":5,"20":5,"21":4,"22":3,"23":3,"24":1,"25":1,"26":2},"f":{"0":3,"1":7,"2":6},"b":{"0":[1,2],"1":[1,1],"2":[1,6],"3":[1,5],"4":[6,6],"5":[3,1]},"_coverageSchema":"1a1c01bbd47fc00a2c39e90264f33305004495a9","hash":"fcb26c41affda721fec775f45ca11ea2b357e593"}
,"C:\\test\\mtpo-lab1\\palindrome_app\\src\\io\\resultWriter.js": {"path":"C:\\test\\mtpo-lab1\\palindrome_app\\src\\io\\resultWriter.js","statementMap":{"0":{"start":{"line":1,"column":11},"end":{"line":1,"column":24}},"1":{"start":{"line":4,"column":2},"end":{"line":12,"column":4}},"2":{"start":{"line":16,"column":2},"end":{"line":16,"column":60}},"3":{"start":{"line":16,"column":46},"end":{"line":16,"column":58}},"4":{"start":{"line":20,"column":2},"end":{"line":20,"column":66}},"5":{"start":{"line":23,"column":0},"end":{"line":23,"column":71}}},"fnMap":{"0":{"name":"formatResultLines","decl":{"start":{"line":3,"column":9},"end":{"line":3,"column":26}},"loc":{"start":{"line":3,"column":35},"end":{"line":13,"column":1}},"line":3},"1":{"name":"printResult","decl":{"start":{"line":15,"column":9},"end":{"line":15,"column":20}},"loc":{"start":{"line":15,"column":51},"end":{"line":17,"column":1}},"line":15},"2":{"name":"(anonymous_2)","decl":{"start":{"line":16,"column":36},"end":{"line":16,"column":37}},"loc":{"start":{"line":16,"column":46},"end":{"line":16,"column":58}},"line":16},"3":{"name":"writeResultToFile","decl":{"start":{"line":19,"column":9},"end":{"line":19,"column":26}},"loc":{"start":{"line":19,"column":41},"end":{"line":21,"column":1}},"line":19}},"branchMap":{"0":{"loc":{"start":{"line":15,"column":29},"end":{"line":15,"column":49}},"type":"default-arg","locations":[{"start":{"line":15,"column":38},"end":{"line":15,"column":49}}],"line":15}},"s":{"0":2,"1":2,"2":1,"3":7,"4":1,"5":2},"f":{"0":2,"1":1,"2":7,"3":1},"b":{"0":[0]},"_coverageSchema":"1a1c01bbd47fc00a2c39e90264f33305004495a9","hash":"9989288894690a52b84b45fc595a1df770c514ff"}
,"C:\\test\\mtpo-lab1\\palindrome_app\\src\\services\\palindromeService.js": {"path":"C:\\test\\mtpo-lab1\\palindrome_app\\src\\services\\palindromeService.js","statementMap":{"0":{"start":{"line":1,"column":24},"end":{"line":1,"column":59}},"1":{"start":{"line":2,"column":25},"end":{"line":2,"column":61}},"2":{"start":{"line":3,"column":48},"end":{"line":3,"column":87}},"3":{"start":{"line":6,"column":2},"end":{"line":6,"column":71}},"4":{"start":{"line":6,"column":47},"end":{"line":6,"column":66}},"5":{"start":{"line":10,"column":2},"end":{"line":12,"column":3}},"6":{"start":{"line":11,"column":4},"end":{"line":11,"column":50}},"7":{"start":{"line":14,"column":2},"end":{"line":16,"column":3}},"8":{"start":{"line":15,"column":4},"end":{"line":15,"column":60}},"9":{"start":{"line":18,"column":2},"end":{"line":20,"column":3}},"10":{"start":{"line":19,"column":4},"end":{"line":19,"column":62}},"11":{"start":{"line":22,"column":2},"end":{"line":22,"column":70}},"12":{"start":{"line":26,"column":13},"end":{"line":26,"column":61}},"13":{"start":{"line":29,"column":2},"end":{"line":43,"column":3}},"14":{"start":{"line":29,"column":15},"end":{"line":29,"column":16}},"15":{"start":{"line":30,"column":22},"end":{"line":30,"column":36}},"16":{"start":{"line":31,"column":4},"end":{"line":35,"column":5}},"17":{"start":{"line":32,"column":20},"end":{"line":32,"column":34}},"18":{"start":{"line":33,"column":18},"end":{"line":33,"column":32}},"19":{"start":{"line":34,"column":6},"end":{"line":34,"column":83}},"20":{"start":{"line":37,"column":23},"end":{"line":37,"column":34}},"21":{"start":{"line":38,"column":4},"end":{"line":42,"column":5}},"22":{"start":{"line":39,"column":20},"end":{"line":39,"column":31}},"23":{"start":{"line":40,"column":18},"end":{"line":40,"column":33}},"24":{"start":{"line":41,"column":6},"end":{"line":41,"column":84}},"25":{"start":{"line":45,"column":2},"end":{"line":45,"column":14}},"26":{"start":{"line":49,"column":28},"end":{"line":49,"column":77}},"27":{"start":{"line":51,"column":2},"end":{"line":59,"column":4}},"28":{"start":{"line":63,"column":19},"end":{"line":63,"column":21}},"29":{"start":{"line":64,"column":20},"end":{"line":64,"column":22}},"30":{"start":{"line":66,"column":2},"end":{"line":72,"column":3}},"31":{"start":{"line":66,"column":15},"end":{"line":66,"column":16}},"32":{"start":{"line":67,"column":16},"end":{"line":67,"column":47}},"33":{"start":{"line":68,"column":17},"end":{"line":68,"column":52}},"34":{"start":{"line":70,"column":4},"end":{"line":70,"column":40}},"35":{"start":{"line":71,"column":4},"end":{"line":71,"column":36}},"36":{"start":{"line":74,"column":2},"end":{"line":74,"column":33}},"37":{"start":{"line":78,"column":25},"end":{"line":78,"column":84}},"38":{"start":{"line":79,"column":29},"end":{"line":79,"column":80}},"39":{"start":{"line":80,"column":34},"end":{"line":80,"column":55}},"40":{"start":{"line":81,"column":17},"end":{"line":81,"column":84}},"41":{"start":{"line":82,"column":20},"end":{"line":82,"column":45}},"42":{"start":{"line":84,"column":2},"end":{"line":89,"column":3}},"43":{"start":{"line":88,"column":4},"end":{"line":88,"column":86}},"44":{"start":{"line":91,"column":2},"end":{"line":91,"column":16}},"45":{"start":{"line":95,"column":22},"end":{"line":95,"column":62}},"46":{"start":{"line":96,"column":23},"end":{"line":96,"column":65}},"47":{"start":{"line":97,"column":28},"end":{"line":97,"column":89}},"48":{"start":{"line":98,"column":19},"end":{"line":98,"column":37}},"49":{"start":{"line":99,"column":20},"end":{"line":99,"column":39}},"50":{"start":{"line":100,"column":17},"end":{"line":100,"column":76}},"51":{"start":{"line":101,"column":20},"end":{"line":101,"column":44}},"52":{"start":{"line":103,"column":2},"end":{"line":109,"column":3}},"53":{"start":{"line":108,"column":4},"end":{"line":108,"column":58}},"54":{"start":{"line":111,"column":2},"end":{"line":117,"column":4}},"55":{"start":{"line":120,"column":0},"end":{"line":128,"column":2}}},"fnMap":{"0":{"name":"sum","decl":{"start":{"line":5,"column":9},"end":{"line":5,"column":12}},"loc":{"start":{"line":5,"column":21},"end":{"line":7,"column":1}},"line":5},"1":{"name":"(anonymous_1)","decl":{"start":{"line":6,"column":23},"end":{"line":6,"column":24}},"loc":{"start":{"line":6,"column":47},"end":{"line":6,"column":66}},"line":6},"2":{"name":"buildRecommendation","decl":{"start":{"line":9,"column":9},"end":{"line":9,"column":28}},"loc":{"start":{"line":9,"column":55},"end":{"line":23,"column":1}},"line":9},"3":{"name":"findLongestPalindrome","decl":{"start":{"line":25,"column":9},"end":{"line":25,"column":30}},"loc":{"start":{"line":25,"column":49},"end":{"line":46,"column":1}},"line":25},"4":{"name":"buildAnalysisResult","decl":{"start":{"line":48,"column":9},"end":{"line":48,"column":28}},"loc":{"start":{"line":48,"column":68},"end":{"line":60,"column":1}},"line":48},"5":{"name":"collectCenterExpansionRadii","decl":{"start":{"line":62,"column":9},"end":{"line":62,"column":36}},"loc":{"start":{"line":62,"column":44},"end":{"line":75,"column":1}},"line":62},"6":{"name":"analyzeWithCenterExpansion","decl":{"start":{"line":77,"column":9},"end":{"line":77,"column":35}},"loc":{"start":{"line":77,"column":63},"end":{"line":92,"column":1}},"line":77},"7":{"name":"analyzeString","decl":{"start":{"line":94,"column":9},"end":{"line":94,"column":22}},"loc":{"start":{"line":94,"column":50},"end":{"line":118,"column":1}},"line":94}},"branchMap":{"0":{"loc":{"start":{"line":10,"column":2},"end":{"line":12,"column":3}},"type":"if","locations":[{"start":{"line":10,"column":2},"end":{"line":12,"column":3}},{"start":{},"end":{}}],"line":10},"1":{"loc":{"start":{"line":14,"column":2},"end":{"line":16,"column":3}},"type":"if","locations":[{"start":{"line":14,"column":2},"end":{"line":16,"column":3}},{"start":{},"end":{}}],"line":14},"2":{"loc":{"start":{"line":18,"column":2},"end":{"line":20,"column":3}},"type":"if","locations":[{"start":{"line":18,"column":2},"end":{"line":20,"column":3}},{"start":{},"end":{}}],"line":18},"3":{"loc":{"start":{"line":31,"column":4},"end":{"line":35,"column":5}},"type":"if","locations":[{"start":{"line":31,"column":4},"end":{"line":35,"column":5}},{"start":{},"end":{}}],"line":31},"4":{"loc":{"start":{"line":38,"column":4},"end":{"line":42,"column":5}},"type":"if","locations":[{"start":{"line":38,"column":4},"end":{"line":42,"column":5}},{"start":{},"end":{}}],"line":38},"5":{"loc":{"start":{"line":77,"column":43},"end":{"line":77,"column":61}},"type":"default-arg","locations":[{"start":{"line":77,"column":59},"end":{"line":77,"column":61}}],"line":77},"6":{"loc":{"start":{"line":78,"column":25},"end":{"line":78,"column":84}},"type":"binary-expr","locations":[{"start":{"line":78,"column":25},"end":{"line":78,"column":53}},{"start":{"line":78,"column":57},"end":{"line":78,"column":84}}],"line":78},"7":{"loc":{"start":{"line":79,"column":29},"end":{"line":79,"column":80}},"type":"binary-expr","locations":[{"start":{"line":79,"column":29},"end":{"line":79,"column":61}},{"start":{"line":79,"column":65},"end":{"line":79,"column":80}}],"line":79},"8":{"loc":{"start":{"line":84,"column":2},"end":{"line":89,"column":3}},"type":"if","locations":[{"start":{"line":84,"column":2},"end":{"line":89,"column":3}},{"start":{},"end":{}}],"line":84},"9":{"loc":{"start":{"line":85,"column":4},"end":{"line":86,"column":56}},"type":"binary-expr","locations":[{"start":{"line":85,"column":4},"end":{"line":85,"column":54}},{"start":{"line":86,"column":4},"end":{"line":86,"column":56}}],"line":85},"10":{"loc":{"start":{"line":94,"column":30},"end":{"line":94,"column":48}},"type":"default-arg","locations":[{"start":{"line":94,"column":46},"end":{"line":94,"column":48}}],"line":94},"11":{"loc":{"start":{"line":95,"column":22},"end":{"line":95,"column":62}},"type":"binary-expr","locations":[{"start":{"line":95,"column":22},"end":{"line":95,"column":47}},{"start":{"line":95,"column":51},"end":{"line":95,"column":62}}],"line":95},"12":{"loc":{"start":{"line":96,"column":23},"end":{"line":96,"column":65}},"type":"binary-expr","locations":[{"start":{"line":96,"column":23},"end":{"line":96,"column":49}},{"start":{"line":96,"column":53},"end":{"line":96,"column":65}}],"line":96},"13":{"loc":{"start":{"line":97,"column":28},"end":{"line":97,"column":89}},"type":"binary-expr","locations":[{"start":{"line":97,"column":28},"end":{"line":97,"column":59}},{"start":{"line":97,"column":63},"end":{"line":97,"column":89}}],"line":97},"14":{"loc":{"start":{"line":103,"column":2},"end":{"line":109,"column":3}},"type":"if","locations":[{"start":{"line":103,"column":2},"end":{"line":109,"column":3}},{"start":{},"end":{}}],"line":103},"15":{"loc":{"start":{"line":104,"column":4},"end":{"line":106,"column":56}},"type":"binary-expr","locations":[{"start":{"line":104,"column":4},"end":{"line":104,"column":72}},{"start":{"line":105,"column":4},"end":{"line":105,"column":74}},{"start":{"line":106,"column":4},"end":{"line":106,"column":56}}],"line":104}},"s":{"0":2,"1":2,"2":2,"3":530,"4":2690,"5":269,"6":67,"7":202,"8":175,"9":27,"10":10,"11":17,"12":265,"13":265,"14":265,"15":1346,"16":1346,"17":236,"18":236,"19":236,"20":1346,"21":1346,"22":175,"23":175,"24":175,"25":265,"26":264,"27":264,"28":133,"29":133,"30":133,"31":133,"32":675,"33":675,"34":675,"35":675,"36":133,"37":132,"38":132,"39":132,"40":132,"41":132,"42":132,"43":2,"44":130,"45":133,"46":133,"47":133,"48":133,"49":132,"50":132,"51":132,"52":132,"53":3,"54":129,"55":2},"f":{"0":530,"1":2690,"2":269,"3":265,"4":264,"5":133,"6":132,"7":133},"b":{"0":[67,202],"1":[175,27],"2":[10,17],"3":[236,1110],"4":[175,1171],"5":[130],"6":[132,132],"7":[132,130],"8":[2,130],"9":[132,131],"10":[130],"11":[133,133],"12":[133,133],"13":[133,130],"14":[3,129],"15":[132,131,130]},"_coverageSchema":"1a1c01bbd47fc00a2c39e90264f33305004495a9","hash":"7cbb00ca5dc7ee52df8c6e919dfeb04e1e1180bb"}
,"C:\\test\\mtpo-lab1\\palindrome_app\\src\\ui\\consoleUi.js": {"path":"C:\\test\\mtpo-lab1\\palindrome_app\\src\\ui\\consoleUi.js","statementMap":{"0":{"start":{"line":1,"column":17},"end":{"line":1,"column":45}},"1":{"start":{"line":2,"column":41},"end":{"line":2,"column":59}},"2":{"start":{"line":3,"column":54},"end":{"line":3,"column":94}},"3":{"start":{"line":4,"column":30},"end":{"line":4,"column":57}},"4":{"start":{"line":5,"column":43},"end":{"line":5,"column":72}},"5":{"start":{"line":9,"column":4},"end":{"line":14,"column":9}},"6":{"start":{"line":15,"column":4},"end":{"line":15,"column":54}},"7":{"start":{"line":16,"column":4},"end":{"line":16,"column":54}},"8":{"start":{"line":17,"column":4},"end":{"line":17,"column":85}},"9":{"start":{"line":18,"column":4},"end":{"line":18,"column":62}},"10":{"start":{"line":19,"column":4},"end":{"line":19,"column":66}},"11":{"start":{"line":20,"column":4},"end":{"line":20,"column":48}},"12":{"start":{"line":21,"column":4},"end":{"line":21,"column":29}},"13":{"start":{"line":22,"column":4},"end":{"line":22,"column":27}},"14":{"start":{"line":26,"column":4},"end":{"line":40,"column":5}},"15":{"start":{"line":27,"column":6},"end":{"line":27,"column":23}},"16":{"start":{"line":28,"column":22},"end":{"line":28,"column":68}},"17":{"start":{"line":30,"column":6},"end":{"line":33,"column":7}},"18":{"start":{"line":31,"column":8},"end":{"line":31,"column":34}},"19":{"start":{"line":32,"column":8},"end":{"line":32,"column":15}},"20":{"start":{"line":35,"column":6},"end":{"line":39,"column":7}},"21":{"start":{"line":36,"column":8},"end":{"line":36,"column":42}},"22":{"start":{"line":38,"column":8},"end":{"line":38,"column":48}},"23":{"start":{"line":44,"column":4},"end":{"line":48,"column":5}},"24":{"start":{"line":45,"column":6},"end":{"line":45,"column":73}},"25":{"start":{"line":46,"column":6},"end":{"line":46,"column":29}},"26":{"start":{"line":47,"column":6},"end":{"line":47,"column":13}},"27":{"start":{"line":50,"column":4},"end":{"line":55,"column":5}},"28":{"start":{"line":51,"column":19},"end":{"line":51,"column":68}},"29":{"start":{"line":52,"column":6},"end":{"line":52,"column":57}},"30":{"start":{"line":53,"column":6},"end":{"line":53,"column":29}},"31":{"start":{"line":54,"column":6},"end":{"line":54,"column":13}},"32":{"start":{"line":57,"column":4},"end":{"line":62,"column":5}},"33":{"start":{"line":58,"column":6},"end":{"line":58,"column":25}},"34":{"start":{"line":59,"column":6},"end":{"line":59,"column":57}},"35":{"start":{"line":60,"column":6},"end":{"line":60,"column":55}},"36":{"start":{"line":61,"column":6},"end":{"line":61,"column":13}},"37":{"start":{"line":64,"column":4},"end":{"line":69,"column":5}},"38":{"start":{"line":65,"column":6},"end":{"line":65,"column":25}},"39":{"start":{"line":66,"column":6},"end":{"line":66,"column":66}},"40":{"start":{"line":67,"column":6},"end":{"line":67,"column":55}},"41":{"start":{"line":68,"column":6},"end":{"line":68,"column":13}},"42":{"start":{"line":71,"column":4},"end":{"line":75,"column":5}},"43":{"start":{"line":72,"column":6},"end":{"line":72,"column":26}},"44":{"start":{"line":73,"column":6},"end":{"line":73,"column":55}},"45":{"start":{"line":74,"column":6},"end":{"line":74,"column":13}},"46":{"start":{"line":77,"column":4},"end":{"line":83,"column":5}},"47":{"start":{"line":78,"column":6},"end":{"line":78,"column":26}},"48":{"start":{"line":79,"column":19},"end":{"line":79,"column":66}},"49":{"start":{"line":80,"column":6},"end":{"line":80,"column":54}},"50":{"start":{"line":81,"column":6},"end":{"line":81,"column":41}},"51":{"start":{"line":82,"column":6},"end":{"line":82,"column":13}},"52":{"start":{"line":85,"column":4},"end":{"line":88,"column":5}},"53":{"start":{"line":86,"column":6},"end":{"line":86,"column":23}},"54":{"start":{"line":87,"column":6},"end":{"line":87,"column":13}},"55":{"start":{"line":90,"column":4},"end":{"line":90,"column":40}},"56":{"start":{"line":94,"column":4},"end":{"line":94,"column":60}},"57":{"start":{"line":95,"column":4},"end":{"line":99,"column":6}},"58":{"start":{"line":100,"column":4},"end":{"line":100,"column":44}},"59":{"start":{"line":101,"column":4},"end":{"line":101,"column":47}},"60":{"start":{"line":102,"column":4},"end":{"line":102,"column":50}},"61":{"start":{"line":103,"column":4},"end":{"line":103,"column":53}},"62":{"start":{"line":104,"column":4},"end":{"line":104,"column":47}},"63":{"start":{"line":105,"column":4},"end":{"line":105,"column":54}},"64":{"start":{"line":106,"column":4},"end":{"line":106,"column":30}},"65":{"start":{"line":107,"column":4},"end":{"line":107,"column":28}},"66":{"start":{"line":111,"column":4},"end":{"line":111,"column":65}},"67":{"start":{"line":112,"column":4},"end":{"line":114,"column":6}},"68":{"start":{"line":115,"column":4},"end":{"line":117,"column":6}},"69":{"start":{"line":121,"column":4},"end":{"line":123,"column":5}},"70":{"start":{"line":122,"column":6},"end":{"line":122,"column":58}},"71":{"start":{"line":127,"column":4},"end":{"line":129,"column":5}},"72":{"start":{"line":128,"column":6},"end":{"line":128,"column":61}},"73":{"start":{"line":133,"column":0},"end":{"line":133,"column":31}}},"fnMap":{"0":{"name":"(anonymous_0)","decl":{"start":{"line":8,"column":2},"end":{"line":8,"column":3}},"loc":{"start":{"line":8,"column":28},"end":{"line":23,"column":3}},"line":8},"1":{"name":"(anonymous_1)","decl":{"start":{"line":25,"column":2},"end":{"line":25,"column":3}},"loc":{"start":{"line":25,"column":14},"end":{"line":41,"column":3}},"line":25},"2":{"name":"(anonymous_2)","decl":{"start":{"line":43,"column":2},"end":{"line":43,"column":3}},"loc":{"start":{"line":43,"column":31},"end":{"line":91,"column":3}},"line":43},"3":{"name":"(anonymous_3)","decl":{"start":{"line":93,"column":2},"end":{"line":93,"column":3}},"loc":{"start":{"line":93,"column":14},"end":{"line":108,"column":3}},"line":93},"4":{"name":"(anonymous_4)","decl":{"start":{"line":110,"column":2},"end":{"line":110,"column":3}},"loc":{"start":{"line":110,"column":14},"end":{"line":118,"column":3}},"line":110},"5":{"name":"(anonymous_5)","decl":{"start":{"line":120,"column":2},"end":{"line":120,"column":3}},"loc":{"start":{"line":120,"column":16},"end":{"line":124,"column":3}},"line":120},"6":{"name":"(anonymous_6)","decl":{"start":{"line":126,"column":2},"end":{"line":126,"column":3}},"loc":{"start":{"line":126,"column":17},"end":{"line":130,"column":3}},"line":126}},"branchMap":{"0":{"loc":{"start":{"line":8,"column":14},"end":{"line":8,"column":26}},"type":"default-arg","locations":[{"start":{"line":8,"column":24},"end":{"line":8,"column":26}}],"line":8},"1":{"loc":{"start":{"line":10,"column":6},"end":{"line":14,"column":8}},"type":"binary-expr","locations":[{"start":{"line":10,"column":6},"end":{"line":10,"column":20}},{"start":{"line":11,"column":6},"end":{"line":14,"column":8}}],"line":10},"2":{"loc":{"start":{"line":15,"column":18},"end":{"line":15,"column":53}},"type":"binary-expr","locations":[{"start":{"line":15,"column":18},"end":{"line":15,"column":32}},{"start":{"line":15,"column":36},"end":{"line":15,"column":53}}],"line":15},"3":{"loc":{"start":{"line":16,"column":20},"end":{"line":16,"column":53}},"type":"binary-expr","locations":[{"start":{"line":16,"column":20},"end":{"line":16,"column":36}},{"start":{"line":16,"column":40},"end":{"line":16,"column":53}}],"line":16},"4":{"loc":{"start":{"line":17,"column":29},"end":{"line":17,"column":84}},"type":"binary-expr","locations":[{"start":{"line":17,"column":29},"end":{"line":17,"column":54}},{"start":{"line":17,"column":58},"end":{"line":17,"column":84}}],"line":17},"5":{"loc":{"start":{"line":18,"column":25},"end":{"line":18,"column":61}},"type":"binary-expr","locations":[{"start":{"line":18,"column":25},"end":{"line":18,"column":46}},{"start":{"line":18,"column":50},"end":{"line":18,"column":61}}],"line":18},"6":{"loc":{"start":{"line":19,"column":24},"end":{"line":19,"column":65}},"type":"binary-expr","locations":[{"start":{"line":19,"column":24},"end":{"line":19,"column":44}},{"start":{"line":19,"column":48},"end":{"line":19,"column":65}}],"line":19},"7":{"loc":{"start":{"line":20,"column":18},"end":{"line":20,"column":47}},"type":"binary-expr","locations":[{"start":{"line":20,"column":18},"end":{"line":20,"column":32}},{"start":{"line":20,"column":36},"end":{"line":20,"column":47}}],"line":20},"8":{"loc":{"start":{"line":30,"column":6},"end":{"line":33,"column":7}},"type":"if","locations":[{"start":{"line":30,"column":6},"end":{"line":33,"column":7}},{"start":{},"end":{}}],"line":30},"9":{"loc":{"start":{"line":44,"column":4},"end":{"line":48,"column":5}},"type":"if","locations":[{"start":{"line":44,"column":4},"end":{"line":48,"column":5}},{"start":{},"end":{}}],"line":44},"10":{"loc":{"start":{"line":50,"column":4},"end":{"line":55,"column":5}},"type":"if","locations":[{"start":{"line":50,"column":4},"end":{"line":55,"column":5}},{"start":{},"end":{}}],"line":50},"11":{"loc":{"start":{"line":57,"column":4},"end":{"line":62,"column":5}},"type":"if","locations":[{"start":{"line":57,"column":4},"end":{"line":62,"column":5}},{"start":{},"end":{}}],"line":57},"12":{"loc":{"start":{"line":64,"column":4},"end":{"line":69,"column":5}},"type":"if","locations":[{"start":{"line":64,"column":4},"end":{"line":69,"column":5}},{"start":{},"end":{}}],"line":64},"13":{"loc":{"start":{"line":71,"column":4},"end":{"line":75,"column":5}},"type":"if","locations":[{"start":{"line":71,"column":4},"end":{"line":75,"column":5}},{"start":{},"end":{}}],"line":71},"14":{"loc":{"start":{"line":77,"column":4},"end":{"line":83,"column":5}},"type":"if","locations":[{"start":{"line":77,"column":4},"end":{"line":83,"column":5}},{"start":{},"end":{}}],"line":77},"15":{"loc":{"start":{"line":85,"column":4},"end":{"line":88,"column":5}},"type":"if","locations":[{"start":{"line":85,"column":4},"end":{"line":88,"column":5}},{"start":{},"end":{}}],"line":85},"16":{"loc":{"start":{"line":96,"column":6},"end":{"line":98,"column":28}},"type":"cond-expr","locations":[{"start":{"line":97,"column":10},"end":{"line":97,"column":52}},{"start":{"line":98,"column":10},"end":{"line":98,"column":28}}],"line":96},"17":{"loc":{"start":{"line":121,"column":4},"end":{"line":123,"column":5}},"type":"if","locations":[{"start":{"line":121,"column":4},"end":{"line":123,"column":5}},{"start":{},"end":{}}],"line":121},"18":{"loc":{"start":{"line":121,"column":8},"end":{"line":121,"column":60}},"type":"binary-expr","locations":[{"start":{"line":121,"column":8},"end":{"line":121,"column":26}},{"start":{"line":121,"column":30},"end":{"line":121,"column":60}}],"line":121},"19":{"loc":{"start":{"line":127,"column":4},"end":{"line":129,"column":5}},"type":"if","locations":[{"start":{"line":127,"column":4},"end":{"line":129,"column":5}},{"start":{},"end":{}}],"line":127}},"s":{"0":1,"1":1,"2":1,"3":1,"4":1,"5":12,"6":12,"7":12,"8":12,"9":12,"10":12,"11":12,"12":12,"13":12,"14":3,"15":6,"16":6,"17":6,"18":3,"19":3,"20":3,"21":3,"22":1,"23":9,"24":1,"25":1,"26":1,"27":8,"28":2,"29":2,"30":1,"31":1,"32":6,"33":1,"34":1,"35":1,"36":1,"37":5,"38":1,"39":1,"40":1,"41":1,"42":4,"43":1,"44":1,"45":1,"46":3,"47":1,"48":1,"49":1,"50":1,"51":1,"52":2,"53":1,"54":1,"55":1,"56":7,"57":7,"58":7,"59":7,"60":7,"61":7,"62":7,"63":7,"64":7,"65":7,"66":2,"67":2,"68":2,"69":3,"70":1,"71":3,"72":1,"73":1},"f":{"0":12,"1":3,"2":9,"3":7,"4":2,"5":3,"6":3},"b":{"0":[0],"1":[12,0],"2":[12,10],"3":[12,10],"4":[12,11],"5":[12,9],"6":[12,11],"7":[12,0],"8":[3,3],"9":[1,8],"10":[2,6],"11":[1,5],"12":[1,4],"13":[1,3],"14":[1,2],"15":[1,1],"16":[4,3],"17":[1,2],"18":[3,2],"19":[1,2]},"_coverageSchema":"1a1c01bbd47fc00a2c39e90264f33305004495a9","hash":"339378d21cba25db8b86c92df8473d611c8125c7"}
}
