TN:
SF:src\analyzers\centerExpansion.js
FN:3,expandAroundCenter
FN:22,centerExpansion
FNF:2
FNH:2
FNDA:3996,expandAroundCenter
FNDA:260,centerExpansion
DA:1,3
DA:5,3996
DA:10,3750
DA:11,3750
DA:15,3996
DA:23,260
DA:25,259
DA:28,259
DA:29,1322
DA:31,1322
DA:33,1322
DA:35,1322
DA:36,461
DA:43,259
DA:46,3
LF:15
LH:15
BRDA:6,0,0,7746
BRDA:6,0,1,6659
BRDA:6,0,2,5543
BRDA:33,1,0,945
BRDA:33,1,1,377
BRDA:35,2,0,461
BRDA:35,2,1,861
BRF:7
BRH:7
end_of_record
TN:
SF:src\analyzers\manacherEven.js
FN:3,manacherEven
FNF:1
FNH:1
FNDA:391,manacherEven
DA:1,3
DA:4,391
DA:6,390
DA:8,390
DA:9,390
DA:10,390
DA:12,390
DA:13,2218
DA:16,2218
DA:17,306
DA:18,306
DA:23,2218
DA:28,1069
DA:32,2218
DA:35,2218
DA:36,1309
DA:37,1309
DA:42,390
DA:45,3
LF:19
LH:19
BRDA:16,0,0,306
BRDA:16,0,1,1912
BRDA:24,1,0,3287
BRDA:24,1,1,2583
BRDA:24,1,2,2303
BRDA:35,2,0,1309
BRDA:35,2,1,909
BRF:7
BRH:7
end_of_record
TN:
SF:src\analyzers\manacherOdd.js
FN:1,validateInput
FN:7,manacherOdd
FNF:2
FNH:2
FNDA:1044,validateInput
FNDA:392,manacherOdd
DA:2,1044
DA:3,5
DA:8,392
DA:10,390
DA:12,390
DA:13,390
DA:14,390
DA:16,390
DA:17,2225
DA:20,2225
DA:21,819
DA:22,819
DA:27,2225
DA:32,819
DA:36,2225
DA:39,2225
DA:40,1623
DA:41,1623
DA:46,390
DA:49,5
LF:20
LH:20
BRDA:2,0,0,5
BRDA:2,0,1,1039
BRDA:2,1,0,1044
BRDA:2,1,1,1043
BRDA:20,2,0,819
BRDA:20,2,1,1406
BRDA:28,3,0,3044
BRDA:28,3,1,2368
BRDA:28,3,2,1740
BRDA:39,4,0,1623
BRDA:39,4,1,602
BRF:11
BRH:11
end_of_record
TN:
SF:src\io\jsonReader.js
FN:5,trimBuffer
FN:17,extractInput
FN:34,loadInputFromJson
FNF:3
FNH:3
FNDA:3,trimBuffer
FNDA:7,extractInput
FNDA:6,loadInputFromJson
DA:1,2
DA:3,2
DA:6,3
DA:9,3
DA:10,1
DA:14,2
DA:18,7
DA:20,7
DA:21,1
DA:24,6
DA:27,6
DA:28,1
DA:31,5
DA:35,6
DA:36,6
DA:38,1
DA:42,5
DA:44,5
DA:46,5
DA:47,5
DA:48,5
DA:50,4
DA:51,3
DA:52,3
DA:55,1
DA:58,1
DA:61,2
LF:27
LH:27
BRDA:9,0,0,1
BRDA:9,0,1,2
BRDA:14,1,0,1
BRDA:14,1,1,1
BRDA:20,2,0,1
BRDA:20,2,1,6
BRDA:27,3,0,1
BRDA:27,3,1,5
BRDA:27,4,0,6
BRDA:27,4,1,6
BRDA:50,5,0,3
BRDA:50,5,1,1
BRF:12
BRH:12
end_of_record
TN:
SF:src\io\resultWriter.js
FN:3,formatResultLines
FN:15,printResult
FN:16,(anonymous_2)
FN:19,writeResultToFile
FNF:4
FNH:4
FNDA:2,formatResultLines
FNDA:1,printResult
FNDA:7,(anonymous_2)
FNDA:1,writeResultToFile
DA:1,2
DA:4,2
DA:16,7
DA:20,1
DA:23,2
LF:5
LH:5
BRDA:15,0,0,0
BRF:1
BRH:0
end_of_record
TN:
SF:src\services\palindromeService.js
FN:5,sum
FN:6,(anonymous_1)
FN:9,buildRecommendation
FN:25,findLongestPalindrome
FN:48,buildAnalysisResult
FN:62,collectCenterExpansionRadii
FN:77,analyzeWithCenterExpansion
FN:94,analyzeString
FNF:8
FNH:8
FNDA:530,sum
FNDA:2690,(anonymous_1)
FNDA:269,buildRecommendation
FNDA:265,findLongestPalindrome
FNDA:264,buildAnalysisResult
FNDA:133,collectCenterExpansionRadii
FNDA:132,analyzeWithCenterExpansion
FNDA:133,analyzeString
DA:1,2
DA:2,2
DA:3,2
DA:6,2690
DA:10,269
DA:11,67
DA:14,202
DA:15,175
DA:18,27
DA:19,10
DA:22,17
DA:26,265
DA:29,265
DA:30,1346
DA:31,1346
DA:32,236
DA:33,236
DA:34,236
DA:37,1346
DA:38,1346
DA:39,175
DA:40,175
DA:41,175
DA:45,265
DA:49,264
DA:51,264
DA:63,133
DA:64,133
DA:66,133
DA:67,675
DA:68,675
DA:70,675
DA:71,675
DA:74,133
DA:78,132
DA:79,132
DA:80,132
DA:81,132
DA:82,132
DA:84,132
DA:88,2
DA:91,130
DA:95,133
DA:96,133
DA:97,133
DA:98,133
DA:99,132
DA:100,132
DA:101,132
DA:103,132
DA:108,3
DA:111,129
DA:120,2
LF:53
LH:53
BRDA:10,0,0,67
BRDA:10,0,1,202
BRDA:14,1,0,175
BRDA:14,1,1,27
BRDA:18,2,0,10
BRDA:18,2,1,17
BRDA:31,3,0,236
BRDA:31,3,1,1110
BRDA:38,4,0,175
BRDA:38,4,1,1171
BRDA:77,5,0,130
BRDA:78,6,0,132
BRDA:78,6,1,132
BRDA:79,7,0,132
BRDA:79,7,1,130
BRDA:84,8,0,2
BRDA:84,8,1,130
BRDA:85,9,0,132
BRDA:85,9,1,131
BRDA:94,10,0,130
BRDA:95,11,0,133
BRDA:95,11,1,133
BRDA:96,12,0,133
BRDA:96,12,1,133
BRDA:97,13,0,133
BRDA:97,13,1,130
BRDA:103,14,0,3
BRDA:103,14,1,129
BRDA:104,15,0,132
BRDA:104,15,1,131
BRDA:104,15,2,130
BRF:31
BRH:31
end_of_record
TN:
SF:src\ui\consoleUi.js
FN:8,(anonymous_0)
FN:25,(anonymous_1)
FN:43,(anonymous_2)
FN:93,(anonymous_3)
FN:110,(anonymous_4)
FN:120,(anonymous_5)
FN:126,(anonymous_6)
FNF:7
FNH:7
FNDA:12,(anonymous_0)
FNDA:3,(anonymous_1)
FNDA:9,(anonymous_2)
FNDA:7,(anonymous_3)
FNDA:2,(anonymous_4)
FNDA:3,(anonymous_5)
FNDA:3,(anonymous_6)
DA:1,1
DA:2,1
DA:3,1
DA:4,1
DA:5,1
DA:9,12
DA:15,12
DA:16,12
DA:17,12
DA:18,12
DA:19,12
DA:20,12
DA:21,12
DA:22,12
DA:26,3
DA:27,6
DA:28,6
DA:30,6
DA:31,3
DA:32,3
DA:35,3
DA:36,3
DA:38,1
DA:44,9
DA:45,1
DA:46,1
DA:47,1
DA:50,8
DA:51,2
DA:52,2
DA:53,1
DA:54,1
DA:57,6
DA:58,1
DA:59,1
DA:60,1
DA:61,1
DA:64,5
DA:65,1
DA:66,1
DA:67,1
DA:68,1
DA:71,4
DA:72,1
DA:73,1
DA:74,1
DA:77,3
DA:78,1
DA:79,1
DA:80,1
DA:81,1
DA:82,1
DA:85,2
DA:86,1
DA:87,1
DA:90,1
DA:94,7
DA:95,7
DA:100,7
DA:101,7
DA:102,7
DA:103,7
DA:104,7
DA:105,7
DA:106,7
DA:107,7
DA:111,2
DA:112,2
DA:115,2
DA:121,3
DA:122,1
DA:127,3
DA:128,1
DA:133,1
LF:74
LH:74
BRDA:8,0,0,0
BRDA:10,1,0,12
BRDA:10,1,1,0
BRDA:15,2,0,12
BRDA:15,2,1,10
BRDA:16,3,0,12
BRDA:16,3,1,10
BRDA:17,4,0,12
BRDA:17,4,1,11
BRDA:18,5,0,12
BRDA:18,5,1,9
BRDA:19,6,0,12
BRDA:19,6,1,11
BRDA:20,7,0,12
BRDA:20,7,1,0
BRDA:30,8,0,3
BRDA:30,8,1,3
BRDA:44,9,0,1
BRDA:44,9,1,8
BRDA:50,10,0,2
BRDA:50,10,1,6
BRDA:57,11,0,1
BRDA:57,11,1,5
BRDA:64,12,0,1
BRDA:64,12,1,4
BRDA:71,13,0,1
BRDA:71,13,1,3
BRDA:77,14,0,1
BRDA:77,14,1,2
BRDA:85,15,0,1
BRDA:85,15,1,1
BRDA:96,16,0,4
BRDA:96,16,1,3
BRDA:121,17,0,1
BRDA:121,17,1,2
BRDA:121,18,0,3
BRDA:121,18,1,2
BRDA:127,19,0,1
BRDA:127,19,1,2
BRF:39
BRH:36
end_of_record
